<?xml version="1.0" encoding="UTF-8"?>
<!-- Generated by org.testng.reporters.JUnitXMLReporter -->
<testsuite ignored="0" hostname="JKL029" failures="0" tests="5" name="Default test" time="0.082" errors="0" timestamp="2024-06-14T16:33:22 IST">
  <testcase classname="com.jkl.testCases.BaseClass" name="@BeforeTest Setup" time="-1.71836300279E9">
    <failure type="org.testng.TestNGException" message="
Parameter &amp;apos;browser&amp;apos; is required by BeforeTest on method Setup but has not been marked @Optional or defined
in C:\Users\User\AppData\Local\Temp\testng-eclipse--1103325264\testng-customsuite.xml">
      <![CDATA[org.testng.TestNGException: 
Parameter 'browser' is required by BeforeTest on method Setup but has not been marked @Optional or defined
in C:\Users\User\AppData\Local\Temp\testng-eclipse--1103325264\testng-customsuite.xml
at org.testng.internal.Parameters.createParams(Parameters.java:270)
at org.testng.internal.Parameters.createParametersForMethod(Parameters.java:358)
at org.testng.internal.Parameters.createParameters(Parameters.java:700)
at org.testng.internal.Parameters.createConfigurationParameters(Parameters.java:168)
at org.testng.internal.ConfigInvoker.invokeConfigurations(ConfigInvoker.java:302)
at org.testng.TestRunner.invokeTestConfigurations(TestRunner.java:637)
at org.testng.TestRunner.beforeRun(TestRunner.java:627)
at org.testng.TestRunner.run(TestRunner.java:589)
at org.testng.SuiteRunner.runTest(SuiteRunner.java:377)
at org.testng.SuiteRunner.runSequentially(SuiteRunner.java:371)
at org.testng.SuiteRunner.privateRun(SuiteRunner.java:332)
at org.testng.SuiteRunner.run(SuiteRunner.java:276)
at org.testng.SuiteRunnerWorker.runSuite(SuiteRunnerWorker.java:53)
at org.testng.SuiteRunnerWorker.run(SuiteRunnerWorker.java:96)
at org.testng.TestNG.runSuitesSequentially(TestNG.java:1212)
at org.testng.TestNG.runSuitesLocally(TestNG.java:1134)
at org.testng.TestNG.runSuites(TestNG.java:1063)
at org.testng.TestNG.run(TestNG.java:1031)
at org.testng.remote.AbstractRemoteTestNG.run(AbstractRemoteTestNG.java:115)
at org.testng.remote.RemoteTestNG.initAndRun(RemoteTestNG.java:251)
at org.testng.remote.RemoteTestNG.main(RemoteTestNG.java:77)
]]>
    </failure>
  </testcase> <!-- @BeforeTest Setup -->
  <testcase classname="com.jkl.testCases.BaseClass" name="@BeforeClass Login" time="-1.718363002821E9">
    <skipped/>
  </testcase> <!-- @BeforeClass Login -->
  <testcase classname="com.jkl.testCases.BaseClass" name="@AfterTest Logout" time="-1.718363002864E9">
    <skipped/>
  </testcase> <!-- @AfterTest Logout -->
  <testcase classname="com.jkl.testCases.BaseClass" name="@AfterTest Teardown" time="-1.718363002865E9">
    <skipped/>
  </testcase> <!-- @AfterTest Teardown -->
  <testcase classname="com.jkl.testCases.TC_AssetCategory" name="test_ViewAssetCategory" time="0.0">
    <skipped/>
  </testcase> <!-- test_ViewAssetCategory -->
  <testcase classname="com.jkl.testCases.TC_AssetCategory" name="test_DeactivateAssetCategory" time="0.0">
    <skipped/>
  </testcase> <!-- test_DeactivateAssetCategory -->
  <testcase classname="com.jkl.testCases.TC_AssetCategory" name="test_ActivateAssetCategory" time="0.0">
    <skipped/>
  </testcase> <!-- test_ActivateAssetCategory -->
  <testcase classname="com.jkl.testCases.TC_AssetCategory" name="test_ArchiveAssetCategory" time="0.0">
    <skipped/>
  </testcase> <!-- test_ArchiveAssetCategory -->
  <testcase classname="com.jkl.testCases.TC_AssetCategory" name="test_RestoreAssetCategory" time="0.0">
    <skipped/>
  </testcase> <!-- test_RestoreAssetCategory -->
</testsuite> <!-- Default test -->
