<?xml version="1.0" encoding="UTF-8"?>
<!-- Generated by org.testng.reporters.JUnitXMLReporter -->
<testsuite ignored="0" hostname="JKL029" failures="0" tests="2" name="JKL Assets Managemant" time="38.808" errors="0" timestamp="2024-06-25T19:29:29 IST">
  <testcase classname="com.jkl.testCases.TC_Vendors" name="test_DeactivateVendorContact" time="17.195"/>
  <testcase classname="com.jkl.testCases.TC_Vendors" name="test_ActivateVendorContact" time="16.957"/>
</testsuite> <!-- JKL Assets Managemant -->
