<?xml version="1.0" encoding="UTF-8"?>
<!-- Generated by org.testng.reporters.JUnitXMLReporter -->
<testsuite ignored="0" hostname="JKL029" failures="0" tests="2" name="JKL Assets Managemant" time="48.022" errors="0" timestamp="2024-06-21T18:33:13 IST">
  <testcase classname="com.jkl.testCases.BaseClass" name="@AfterTest Logout" time="6.269">
    <failure type="java.lang.AssertionError" message="The following asserts failed:
	After logout it lookin for [Login with Google] text expected [true] but found [false]">
      <![CDATA[java.lang.AssertionError: The following asserts failed:
After logout it lookin for [Login with Google] text expected [true] but found [false]
at com.jkl.pageObject.PO_HomePage.UserLogout(PO_HomePage.java:168)
at com.jkl.testCases.BaseClass.Logout(BaseClass.java:118)
... Removed 24 stack frames]]>
    </failure>
  </testcase> <!-- @AfterTest Logout -->
  <testcase classname="com.jkl.testCases.BaseClass" name="@AfterTest Teardown" time="-1.718974993055E9">
    <skipped/>
  </testcase> <!-- @AfterTest Teardown -->
  <testcase classname="com.jkl.testCases.TC_Vendors" name="test_AddVendor" time="28.954"/>
  <testcase classname="com.jkl.testCases.TC_Vendors" name="test_EditVendor" time="9.527"/>
</testsuite> <!-- JKL Assets Managemant -->
