<?xml version="1.0" encoding="UTF-8"?>
<testng-results ignored="0" total="1" passed="1" failed="0" skipped="0">
  <reporter-output>
  </reporter-output>
  <suite started-at="2024-06-15T22:20:03 IST" name="Suite" finished-at="2024-06-15T22:20:12 IST" duration-ms="9107">
    <groups>
    </groups>
    <test started-at="2024-06-15T22:20:03 IST" name="LeonardoAI Assets Managemant" finished-at="2024-06-15T22:20:12 IST" duration-ms="9107">
      <class name="com.leonardoAI.testCases.TC_ImageGenerationPage">
        <test-method is-config="true" signature="Setup(java.lang.String)[pri:0, instance:com.leonardoAI.testCases.TC_ImageGenerationPage@4febb875]" started-at="2024-06-15T22:20:03 IST" name="Setup" finished-at="2024-06-15T22:20:12 IST" duration-ms="8570" status="PASS">
          <params>
            <param index="0">
              <value>
                <![CDATA[chrome]]>
              </value>
            </param>
          </params>
          <reporter-output>
          </reporter-output>
        </test-method> <!-- Setup -->
        <test-method is-config="true" signature="Login(java.lang.String)[pri:0, instance:com.leonardoAI.testCases.TC_ImageGenerationPage@4febb875]" started-at="2024-06-15T22:20:12 IST" name="Login" finished-at="2024-06-15T22:20:12 IST" duration-ms="0" status="PASS">
          <params>
            <param index="0">
              <value>
                <![CDATA[user,true]]>
              </value>
            </param>
          </params>
          <reporter-output>
          </reporter-output>
        </test-method> <!-- Login -->
        <test-method signature="test_RenameDonwloadedFile()[pri:3, instance:com.leonardoAI.testCases.TC_ImageGenerationPage@4febb875]" started-at="2024-06-15T22:20:12 IST" name="test_RenameDonwloadedFile" finished-at="2024-06-15T22:20:12 IST" duration-ms="205" status="PASS">
          <reporter-output>
          </reporter-output>
        </test-method> <!-- test_RenameDonwloadedFile -->
        <test-method is-config="true" signature="Logout(java.lang.String)[pri:0, instance:com.leonardoAI.testCases.TC_ImageGenerationPage@4febb875]" started-at="2024-06-15T22:20:12 IST" name="Logout" finished-at="2024-06-15T22:20:12 IST" duration-ms="0" status="PASS">
          <params>
            <param index="0">
              <value>
                <![CDATA[user,true]]>
              </value>
            </param>
          </params>
          <reporter-output>
          </reporter-output>
        </test-method> <!-- Logout -->
        <test-method is-config="true" signature="Teardown(java.lang.String)[pri:0, instance:com.leonardoAI.testCases.TC_ImageGenerationPage@4febb875]" started-at="2024-06-15T22:20:12 IST" name="Teardown" finished-at="2024-06-15T22:20:12 IST" depends-on-methods="com.leonardoAI.testCases.BaseClass.Logout" duration-ms="1" status="PASS">
          <params>
            <param index="0">
              <value>
                <![CDATA[user,true]]>
              </value>
            </param>
          </params>
          <reporter-output>
          </reporter-output>
        </test-method> <!-- Teardown -->
      </class> <!-- com.leonardoAI.testCases.TC_ImageGenerationPage -->
    </test> <!-- LeonardoAI Assets Managemant -->
  </suite> <!-- Suite -->
</testng-results>
